<?xml version="1.0" encoding="UTF-8"?>
<!-- Generated by org.testng.reporters.JUnitReportReporter -->
<testsuite hostname="TheLastMVK" failures="0" tests="2" name="com.mr.runner.CucumberRunner" time="37.963" errors="0" timestamp="2024-11-29T00:07:35 PET" skipped="0">
  <testcase classname="com.mr.runner.CucumberRunner" name="runScenario" time="4.773"/>
  <testcase classname="com.mr.runner.CucumberRunner" name="runScenario" time="33.190"/>
</testsuite> <!-- com.mr.runner.CucumberRunner -->
