<?xml version="1.0" encoding="UTF-8"?>
<!-- Generated by org.testng.reporters.JUnitReportReporter -->
<testsuite hostname="TheLastMVK" failures="0" tests="2" name="com.authenticacion.runner.CucumberRunner" time="37.200" errors="0" timestamp="2024-11-24T22:45:46 PET" skipped="0">
  <testcase classname="com.authenticacion.runner.CucumberRunner" name="runScenario" time="14.944"/>
  <testcase classname="com.authenticacion.runner.CucumberRunner" name="runScenario" time="22.256"/>
</testsuite> <!-- com.authenticacion.runner.CucumberRunner -->
